Log: 2025-11-20T12:30:09.911041+0500 -- INFO -- Происходит удаление пользователя 613948af-b1ac-43cf-8937-a045f293483c. -- users.py:64 delete_user
Log: 2025-11-20T14:29:51.532824+0500 -- INFO -- Пользователь зарегистрировался -- users.py:18 create_user
Log: 2025-11-20T14:50:54.148470+0500 -- INFO -- Получение пользователя по id -- users.py:18 get_user_by_id
Log: 2025-11-24T15:29:43.256646+0500 -- INFO -- Пользователь зарегистрировался -- users.py:27 create_user
Log: 2025-11-24T15:31:22.290886+0500 -- INFO -- Пользователь зарегистрировался -- users.py:27 create_user
Log: 2025-11-24T15:31:47.971631+0500 -- INFO -- Пользователь зарегистрировался -- users.py:27 create_user
Log: 2025-11-24T15:34:13.014974+0500 -- INFO -- Пользователь зарегистрировался -- users.py:27 create_user
Log: 2025-11-24T15:34:19.859144+0500 -- INFO -- Пользователь зарегистрировался -- users.py:27 create_user
Log: 2025-11-24T15:38:47.304124+0500 -- INFO -- Пользователь зарегистрировался -- users.py:27 create_user
Log: 2025-11-24T15:38:54.161208+0500 -- INFO -- Пользователь зарегистрировался -- users.py:27 create_user
Log: 2025-11-24T15:40:45.215525+0500 -- INFO -- Пользователь зарегистрировался -- users.py:27 create_user
Log: 2025-11-24T15:42:39.250368+0500 -- INFO -- Пользователь зарегистрировался -- users.py:27 create_user
Log: 2025-11-24T21:14:48.065182+0500 -- ERROR -- Пользователь Евгений Василенко не имеет достаточно прав -- auth.py:60 get_current_user_from_token
Log: 2025-11-24T21:14:50.893034+0500 -- ERROR -- Пользователь Евгений Василенко не имеет достаточно прав -- auth.py:60 get_current_user_from_token
Log: 2025-11-24T21:15:17.731016+0500 -- ERROR -- Пользователь Евгений Василенко не имеет достаточно прав -- auth.py:60 get_current_user_from_token
Log: 2025-11-24T21:29:35.934214+0500 -- INFO -- Получение пользователя по id -- users.py:18 get_user_by_id
Log: 2025-11-25T10:58:02.165758+0500 -- INFO -- Получение пользователя по id -- users.py:18 get_user_by_id
Log: 2025-11-25T11:15:07.112492+0500 -- INFO -- Пользователь зарегистрировался -- users.py:20 create_user
Log: 2025-11-25T11:17:11.242797+0500 -- INFO -- Получение пользователя по id -- users.py:29 get_user_by_id
Log: 2025-11-25T12:08:37.604850+0500 -- INFO -- Проверка пользовательских (Валеера Гааг) расрешений -- user.py:81 check_user_permissions
Log: 2025-11-25T12:17:51.476679+0500 -- INFO -- Получение пользователя 92d7a9fb-d305-40f6-99e5-b05c7a12f1aa по id -- user.py:12 _get_user_by_id
Log: 2025-11-25T12:17:51.479162+0500 -- INFO -- Проверка пользовательских (Валеера Гааг) расрешений -- user.py:71 check_user_permissions
Log: 2025-11-25T12:17:51.479325+0500 -- INFO -- Происходит удаление пользователя 92d7a9fb-d305-40f6-99e5-b05c7a12f1aa. -- users.py:54 delete_user
Log: 2025-11-25T12:18:38.023679+0500 -- INFO -- Получение пользователя 155fd497-3d20-4b8f-9eb2-29b86f5f8fa5 по id -- user.py:12 _get_user_by_id
Log: 2025-11-25T12:18:38.024921+0500 -- INFO -- Проверка пользовательских (Evgeny Василенко) расрешений -- user.py:71 check_user_permissions
Log: 2025-11-25T12:22:56.187121+0500 -- INFO -- Получение пользователя 155fd497-3d20-4b8f-9eb2-29b86f5f8fa5 по id -- user.py:12 _get_user_by_id
Log: 2025-11-25T12:22:56.189600+0500 -- INFO -- Проверка пользовательских (Evgeny Василенко) расрешений -- user.py:71 check_user_permissions
Log: 2025-11-25T12:22:56.189716+0500 -- INFO -- Попытка удаления админа через API пользователем Evgeny Василенко) -- user.py:73 check_user_permissions
Log: 2025-11-25T12:22:58.347924+0500 -- INFO -- Получение пользователя 155fd497-3d20-4b8f-9eb2-29b86f5f8fa5 по id -- user.py:12 _get_user_by_id
Log: 2025-11-25T12:22:58.349283+0500 -- INFO -- Проверка пользовательских (Evgeny Василенко) расрешений -- user.py:71 check_user_permissions
Log: 2025-11-25T12:22:58.349385+0500 -- INFO -- Попытка удаления админа через API пользователем Evgeny Василенко) -- user.py:73 check_user_permissions
Log: 2025-11-25T12:24:22.106296+0500 -- INFO -- Получение пользователя 155fd497-3d20-4b8f-9eb2-29b86f5f8fa5 по id -- user.py:12 _get_user_by_id
Log: 2025-11-25T12:24:22.108749+0500 -- INFO -- Проверка пользовательских (Валеера Гааг) расрешений -- user.py:71 check_user_permissions
Log: 2025-11-25T12:24:22.108856+0500 -- INFO -- Попытка удаления админа через API пользователем Валеера Гааг) -- user.py:73 check_user_permissions
Log: 2025-11-25T12:33:48.397104+0500 -- INFO -- Получение пользователя 155fd497-3d20-4b8f-9eb2-29b86f5f8fa5 по id -- user.py:12 _get_user_by_id
Log: 2025-11-25T12:33:48.399520+0500 -- INFO -- Проверка пользовательских (Валеера Гааг) расрешений -- user.py:71 check_user_permissions
Log: 2025-11-25T12:33:48.399626+0500 -- INFO -- Попытка удаления админа через API пользователем Валеера Гааг) -- user.py:73 check_user_permissions
